<?xml version="1.0" encoding="UTF-8"?>
<!-- Generated by org.testng.reporters.JUnitReportReporter -->
<testsuite hostname="Ozole" failures="0" tests="1" name="test.testflow" time="49.488" errors="0" timestamp="2023-06-25T23:25:29 IST" skipped="0">
  <testcase classname="test.testflow" name="launch" time="49.488"/>
  <system-out/>
</testsuite> <!-- test.testflow -->
